2025-11-21T11:58:28.831-05:00  INFO 5231 --- [maintenanceSystem] [main] c.m.m.MaintenanceSystemApplication       : Starting MaintenanceSystemApplication using Java 17.0.16 with PID 5231 (/home/olivero/Documentos/maintenanceSystem/target/classes started by olivero in /home/olivero/Documentos/maintenanceSystem)
2025-11-21T11:58:28.853-05:00 DEBUG 5231 --- [maintenanceSystem] [main] c.m.m.MaintenanceSystemApplication       : Running with Spring Boot v3.5.7, Spring v6.2.12
2025-11-21T11:58:28.856-05:00  INFO 5231 --- [maintenanceSystem] [main] c.m.m.MaintenanceSystemApplication       : No active profile set, falling back to 1 default profile: "default"
2025-11-21T11:58:30.343-05:00  INFO 5231 --- [maintenanceSystem] [main] .s.d.r.c.RepositoryConfigurationDelegate : Bootstrapping Spring Data JPA repositories in DEFAULT mode.
2025-11-21T11:58:30.487-05:00  INFO 5231 --- [maintenanceSystem] [main] .s.d.r.c.RepositoryConfigurationDelegate : Finished Spring Data repository scanning in 126 ms. Found 9 JPA repository interfaces.
2025-11-21T11:58:31.446-05:00  INFO 5231 --- [maintenanceSystem] [main] o.s.b.w.embedded.tomcat.TomcatWebServer  : Tomcat initialized with port 8080 (http)
2025-11-21T11:58:31.471-05:00  INFO 5231 --- [maintenanceSystem] [main] o.apache.catalina.core.StandardService   : Starting service [Tomcat]
2025-11-21T11:58:31.472-05:00  INFO 5231 --- [maintenanceSystem] [main] o.apache.catalina.core.StandardEngine    : Starting Servlet engine: [Apache Tomcat/10.1.48]
2025-11-21T11:58:31.552-05:00  INFO 5231 --- [maintenanceSystem] [main] o.a.c.c.C.[Tomcat].[localhost].[/]       : Initializing Spring embedded WebApplicationContext
2025-11-21T11:58:31.553-05:00  INFO 5231 --- [maintenanceSystem] [main] w.s.c.ServletWebServerApplicationContext : Root WebApplicationContext: initialization completed in 2530 ms
2025-11-21T11:58:31.933-05:00  INFO 5231 --- [maintenanceSystem] [main] o.hibernate.jpa.internal.util.LogHelper  : HHH000204: Processing PersistenceUnitInfo [name: default]
2025-11-21T11:58:32.015-05:00  INFO 5231 --- [maintenanceSystem] [main] org.hibernate.Version                    : HHH000412: Hibernate ORM core version 6.6.33.Final
2025-11-21T11:58:32.078-05:00  INFO 5231 --- [maintenanceSystem] [main] o.h.c.internal.RegionFactoryInitiator    : HHH000026: Second-level cache disabled
2025-11-21T11:58:32.576-05:00  INFO 5231 --- [maintenanceSystem] [main] o.s.o.j.p.SpringPersistenceUnitInfo      : No LoadTimeWeaver setup: ignoring JPA class transformer
2025-11-21T11:58:32.630-05:00  INFO 5231 --- [maintenanceSystem] [main] com.zaxxer.hikari.HikariDataSource       : HikariPool-1 - Starting...
2025-11-21T11:58:33.197-05:00  INFO 5231 --- [maintenanceSystem] [main] com.zaxxer.hikari.pool.HikariPool        : HikariPool-1 - Added connection com.mysql.cj.jdbc.ConnectionImpl@1fa9692b
2025-11-21T11:58:33.200-05:00  INFO 5231 --- [maintenanceSystem] [main] com.zaxxer.hikari.HikariDataSource       : HikariPool-1 - Start completed.
2025-11-21T11:58:33.333-05:00  INFO 5231 --- [maintenanceSystem] [main] org.hibernate.orm.connections.pooling    : HHH10001005: Database info:
	Database JDBC URL [Connecting through datasource 'HikariDataSource (HikariPool-1)']
	Database driver: undefined/unknown
	Database version: 8.4.7
	Autocommit mode: undefined/unknown
	Isolation level: undefined/unknown
	Minimum pool size: undefined/unknown
	Maximum pool size: undefined/unknown
2025-11-21T11:58:35.053-05:00  INFO 5231 --- [maintenanceSystem] [main] o.h.e.t.j.p.i.JtaPlatformInitiator       : HHH000489: No JTA platform available (set 'hibernate.transaction.jta.platform' to enable JTA platform integration)
2025-11-21T11:58:35.134-05:00  INFO 5231 --- [maintenanceSystem] [main] j.LocalContainerEntityManagerFactoryBean : Initialized JPA EntityManagerFactory for persistence unit 'default'
2025-11-21T11:58:35.541-05:00  INFO 5231 --- [maintenanceSystem] [main] o.s.d.j.r.query.QueryEnhancerFactory     : Hibernate is in classpath; If applicable, HQL parser will be used.
2025-11-21T11:58:37.507-05:00  WARN 5231 --- [maintenanceSystem] [main] JpaBaseConfiguration$JpaWebConfiguration : spring.jpa.open-in-view is enabled by default. Therefore, database queries may be performed during view rendering. Explicitly configure spring.jpa.open-in-view to disable this warning
2025-11-21T11:58:37.650-05:00 DEBUG 5231 --- [maintenanceSystem] [main] s.w.s.m.m.a.RequestMappingHandlerMapping : 16 mappings in 'requestMappingHandlerMapping'
2025-11-21T11:58:37.799-05:00 DEBUG 5231 --- [maintenanceSystem] [main] o.s.w.s.handler.SimpleUrlHandlerMapping  : Patterns [/webjars/**, /**] in 'resourceHandlerMapping'
2025-11-21T11:58:37.841-05:00  INFO 5231 --- [maintenanceSystem] [main] r$InitializeUserDetailsManagerConfigurer : Global AuthenticationManager configured with UserDetailsService bean with name customUserDetailsService
2025-11-21T11:58:38.039-05:00 DEBUG 5231 --- [maintenanceSystem] [main] o.s.s.web.DefaultSecurityFilterChain     : Will secure any request with filters: DisableEncodeUrlFilter, WebAsyncManagerIntegrationFilter, SecurityContextHolderFilter, HeaderWriterFilter, LogoutFilter, UsernamePasswordAuthenticationFilter, RequestCacheAwareFilter, SecurityContextHolderAwareRequestFilter, AnonymousAuthenticationFilter, ExceptionTranslationFilter, AuthorizationFilter
2025-11-21T11:58:38.167-05:00 DEBUG 5231 --- [maintenanceSystem] [main] s.w.s.m.m.a.RequestMappingHandlerAdapter : ControllerAdvice beans: 0 @ModelAttribute, 0 @InitBinder, 1 RequestBodyAdvice, 1 ResponseBodyAdvice
2025-11-21T11:58:38.304-05:00 DEBUG 5231 --- [maintenanceSystem] [main] .m.m.a.ExceptionHandlerExceptionResolver : ControllerAdvice beans: 0 @ExceptionHandler, 1 ResponseBodyAdvice
2025-11-21T11:58:38.673-05:00  INFO 5231 --- [maintenanceSystem] [main] o.s.b.w.embedded.tomcat.TomcatWebServer  : Tomcat started on port 8080 (http) with context path '/'
2025-11-21T11:58:38.694-05:00  INFO 5231 --- [maintenanceSystem] [main] c.m.m.MaintenanceSystemApplication       : Started MaintenanceSystemApplication in 11.636 seconds (process running for 13.459)
2025-11-21T12:01:13.351-05:00  INFO 5231 --- [maintenanceSystem] [SpringApplicationShutdownHook] o.s.b.w.e.tomcat.GracefulShutdown        : Commencing graceful shutdown. Waiting for active requests to complete
2025-11-21T12:01:13.386-05:00  INFO 5231 --- [maintenanceSystem] [tomcat-shutdown] o.s.b.w.e.tomcat.GracefulShutdown        : Graceful shutdown complete
2025-11-21T12:01:13.413-05:00  INFO 5231 --- [maintenanceSystem] [SpringApplicationShutdownHook] j.LocalContainerEntityManagerFactoryBean : Closing JPA EntityManagerFactory for persistence unit 'default'
2025-11-21T12:01:13.422-05:00  INFO 5231 --- [maintenanceSystem] [SpringApplicationShutdownHook] com.zaxxer.hikari.HikariDataSource       : HikariPool-1 - Shutdown initiated...
2025-11-21T12:01:13.443-05:00  INFO 5231 --- [maintenanceSystem] [SpringApplicationShutdownHook] com.zaxxer.hikari.HikariDataSource       : HikariPool-1 - Shutdown completed.
